<?xml version="1.0" encoding="UTF-8"?>
<testng-results ignored="0" total="1" passed="1" failed="0" skipped="0">
  <reporter-output>
    <line>
      <![CDATA[OPenBrowser]]>
    </line>
    <line>
      <![CDATA[Login]]>
    </line>
    <line>
      <![CDATA[CtreateCustomer]]>
    </line>
    <line>
      <![CDATA[Logout]]>
    </line>
    <line>
      <![CDATA[CloseBrowser]]>
    </line>
  </reporter-output>
  <suite started-at="2023-03-29T23:55:21 IST" name="Default suite" finished-at="2023-03-29T23:55:42 IST" duration-ms="20683">
    <groups>
    </groups>
    <test started-at="2023-03-29T23:55:21 IST" name="Default test" finished-at="2023-03-29T23:55:42 IST" duration-ms="20683">
      <class name="com.actime.testscript.CustmerModule">
        <test-method is-config="true" signature="OpenBrowser()[pri:0, instance:com.actime.testscript.CustmerModule@41fbdac4]" started-at="2023-03-29T23:55:21 IST" name="OpenBrowser" finished-at="2023-03-29T23:55:26 IST" duration-ms="4033" status="PASS">
          <reporter-output>
            <line>
              <![CDATA[OPenBrowser]]>
            </line>
          </reporter-output>
        </test-method> <!-- OpenBrowser -->
        <test-method is-config="true" signature="Login()[pri:0, instance:com.actime.testscript.CustmerModule@41fbdac4]" started-at="2023-03-29T23:55:26 IST" name="Login" finished-at="2023-03-29T23:55:34 IST" duration-ms="8164" status="PASS">
          <reporter-output>
            <line>
              <![CDATA[Login]]>
            </line>
          </reporter-output>
        </test-method> <!-- Login -->
        <test-method signature="testCreateCustomer()[pri:0, instance:com.actime.testscript.CustmerModule@41fbdac4]" started-at="2023-03-29T23:55:34 IST" name="testCreateCustomer" finished-at="2023-03-29T23:55:34 IST" duration-ms="29" status="PASS">
          <reporter-output>
            <line>
              <![CDATA[CtreateCustomer]]>
            </line>
          </reporter-output>
        </test-method> <!-- testCreateCustomer -->
        <test-method is-config="true" signature="logout()[pri:0, instance:com.actime.testscript.CustmerModule@41fbdac4]" started-at="2023-03-29T23:55:34 IST" name="logout" finished-at="2023-03-29T23:55:42 IST" duration-ms="8077" status="PASS">
          <reporter-output>
            <line>
              <![CDATA[Logout]]>
            </line>
          </reporter-output>
        </test-method> <!-- logout -->
        <test-method is-config="true" signature="closeBrowser()[pri:0, instance:com.actime.testscript.CustmerModule@41fbdac4]" started-at="2023-03-29T23:55:42 IST" name="closeBrowser" finished-at="2023-03-29T23:55:42 IST" duration-ms="286" status="PASS">
          <reporter-output>
            <line>
              <![CDATA[CloseBrowser]]>
            </line>
          </reporter-output>
        </test-method> <!-- closeBrowser -->
      </class> <!-- com.actime.testscript.CustmerModule -->
    </test> <!-- Default test -->
  </suite> <!-- Default suite -->
</testng-results>
